[INFO] 讀取輸入檔案：/workspace/data/filtered/traffic_cases_merged.json
[INFO] 共 2159 筆記錄
[INFO] 處理進度：0/2159
[INFO] 處理進度：200/2159
[INFO] 處理進度：400/2159
[INFO] 處理進度：600/2159
[INFO] 處理進度：800/2159
[INFO] 處理進度：1000/2159
[INFO] 處理進度：1200/2159
[INFO] 處理進度：1400/2159
[INFO] 處理進度：1600/2159
[INFO] 處理進度：1800/2159
[INFO] 處理進度：2000/2159
[INFO] 成功抽取：2159 筆，失敗：0 筆
[INFO] 輸出已寫入：/workspace/data/extracted/structured_cases.json

===== 品質統計 =====
適用法條：平均 5.80 條/筆，空法條 11 筆 (0.5%)
核心爭議「其他」比例：1/2159 (0.0%)
核心爭議分布：
  與有過失: 1274
  民事損害賠償: 1034
  未注意車前狀況: 856
  過失傷害成立: 790
  轉彎車未讓直行車: 366
  違反號誌: 303
  過失致死致重傷: 265
  支線道未讓幹線道: 150
  左方車未讓右方車: 68
  閃黃燈未減速: 8
  閃紅燈未停讓: 3
  其他: 1
事故摘要：平均 228 字，過短(<50字) 0 筆
責任類型分布： {'民事': 1260, '刑事': 837, '刑事+民事': 62}

===== 完成 =====
